This is pdfTeX, Version 3.14159265-2.6-1.40.16 (TeX Live 2015) (preloaded format=pdflatex 2015.8.16)  28 SEP 2015 19:26
entering extended mode
 restricted \write18 enabled.
 %&-line parsing enabled.
**sig-alternate-sample.tex
(./sig-alternate-sample.tex
LaTeX2e <2015/01/01> patch level 2
Babel <3.9m> and hyphenation patterns for 79 languages loaded.
(./sig-alternate.cls
(/usr/local/texlive/2015/texmf-dist/tex/latex/graphics/epsfig.sty
Package: epsfig 1999/02/16 v1.7a (e)psfig emulation (SPQR)

(/usr/local/texlive/2015/texmf-dist/tex/latex/graphics/graphicx.sty
Package: graphicx 2014/10/28 v1.0g Enhanced LaTeX Graphics (DPC,SPQR)

(/usr/local/texlive/2015/texmf-dist/tex/latex/graphics/keyval.sty
Package: keyval 2014/10/28 v1.15 key=value parser (DPC)
\KV@toks@=\toks14
)
(/usr/local/texlive/2015/texmf-dist/tex/latex/graphics/graphics.sty
Package: graphics 2014/10/28 v1.0p Standard LaTeX Graphics (DPC,SPQR)

(/usr/local/texlive/2015/texmf-dist/tex/latex/graphics/trig.sty
Package: trig 1999/03/16 v1.09 sin cos tan (DPC)
)
(/usr/local/texlive/2015/texmf-dist/tex/latex/latexconfig/graphics.cfg
File: graphics.cfg 2010/04/23 v1.9 graphics configuration of TeX Live
)
Package graphics Info: Driver file: pdftex.def on input line 94.

(/usr/local/texlive/2015/texmf-dist/tex/latex/pdftex-def/pdftex.def
File: pdftex.def 2011/05/27 v0.06d Graphics/color for pdfTeX

(/usr/local/texlive/2015/texmf-dist/tex/generic/oberdiek/infwarerr.sty
Package: infwarerr 2010/04/08 v1.3 Providing info/warning/error messages (HO)
)
(/usr/local/texlive/2015/texmf-dist/tex/generic/oberdiek/ltxcmds.sty
Package: ltxcmds 2011/11/09 v1.22 LaTeX kernel commands for general use (HO)
)
\Gread@gobject=\count79
))
\Gin@req@height=\dimen102
\Gin@req@width=\dimen103
)
\epsfxsize=\dimen104
\epsfysize=\dimen105
)
(/usr/local/texlive/2015/texmf-dist/tex/latex/amsfonts/amssymb.sty
Package: amssymb 2013/01/14 v3.01 AMS font symbols

(/usr/local/texlive/2015/texmf-dist/tex/latex/amsfonts/amsfonts.sty
Package: amsfonts 2013/01/14 v3.01 Basic AMSFonts support
\@emptytoks=\toks15
\symAMSa=\mathgroup4
\symAMSb=\mathgroup5
LaTeX Font Info:    Overwriting math alphabet `\mathfrak' in version `bold'
(Font)                  U/euf/m/n --> U/euf/b/n on input line 106.
))
(/usr/local/texlive/2015/texmf-dist/tex/latex/amsmath/amsmath.sty
Package: amsmath 2013/01/14 v2.14 AMS math features
\@mathmargin=\skip41

For additional information on amsmath, use the `?' option.
(/usr/local/texlive/2015/texmf-dist/tex/latex/amsmath/amstext.sty
Package: amstext 2000/06/29 v2.01

(/usr/local/texlive/2015/texmf-dist/tex/latex/amsmath/amsgen.sty
File: amsgen.sty 1999/11/30 v2.0
\@emptytoks=\toks16
\ex@=\dimen106
))
(/usr/local/texlive/2015/texmf-dist/tex/latex/amsmath/amsbsy.sty
Package: amsbsy 1999/11/29 v1.2d
\pmbraise@=\dimen107
)
(/usr/local/texlive/2015/texmf-dist/tex/latex/amsmath/amsopn.sty
Package: amsopn 1999/12/14 v2.01 operator names
)
\inf@bad=\count80
LaTeX Info: Redefining \frac on input line 210.
\uproot@=\count81
\leftroot@=\count82
LaTeX Info: Redefining \overline on input line 306.
\classnum@=\count83
\DOTSCASE@=\count84
LaTeX Info: Redefining \ldots on input line 378.
LaTeX Info: Redefining \dots on input line 381.
LaTeX Info: Redefining \cdots on input line 466.
\Mathstrutbox@=\box26
\strutbox@=\box27
\big@size=\dimen108
LaTeX Font Info:    Redeclaring font encoding OML on input line 566.
LaTeX Font Info:    Redeclaring font encoding OMS on input line 567.
\macc@depth=\count85
\c@MaxMatrixCols=\count86
\dotsspace@=\muskip10
\c@parentequation=\count87
\dspbrk@lvl=\count88
\tag@help=\toks17
\row@=\count89
\column@=\count90
\maxfields@=\count91
\andhelp@=\toks18
\eqnshift@=\dimen109
\alignsep@=\dimen110
\tagshift@=\dimen111
\tagwidth@=\dimen112
\totwidth@=\dimen113
\lineht@=\dimen114
\@envbody=\toks19
\multlinegap=\skip42
\multlinetaggap=\skip43
\mathdisplay@stack=\toks20
LaTeX Info: Redefining \[ on input line 2665.
LaTeX Info: Redefining \] on input line 2666.
)
(/usr/local/texlive/2015/texmf-dist/tex/latex/listings/listings.sty
\lst@mode=\count92
\lst@gtempboxa=\box28
\lst@token=\toks21
\lst@length=\count93
\lst@currlwidth=\dimen115
\lst@column=\count94
\lst@pos=\count95
\lst@lostspace=\dimen116
\lst@width=\dimen117
\lst@newlines=\count96
\lst@lineno=\count97
\abovecaptionskip=\skip44
\belowcaptionskip=\skip45
\lst@maxwidth=\dimen118

(/usr/local/texlive/2015/texmf-dist/tex/latex/listings/lstmisc.sty
File: lstmisc.sty 2015/06/04 1.6 (Carsten Heinz)
\c@lstnumber=\count98
\lst@skipnumbers=\count99
\lst@framebox=\box29
)
(/usr/local/texlive/2015/texmf-dist/tex/latex/listings/listings.cfg
File: listings.cfg 2015/06/04 1.6 listings configuration
))
Package: listings 2015/06/04 1.6 (Carsten Heinz)

Document Class 'sig-alternate' <9th June '13>. Modified by G.K.M. Tobin/Gerry M
urray/Boris Veytsman
Based in part upon document Style `acmconf' <22 May 89>. Hacked 4/91 by
shivers@cs.cmu.edu, 4/93 by theobald@cs.mcgill.ca
Excerpts were taken from (Journal Style) 'esub2acm.cls'.
****** Bugs/comments/suggestions/technicalities to Gerry Murray -- murray@hq.ac
m.org ******
Questions on the style, SIGS policies, etc. to Adrienne Griscti griscti@acm.org

(/usr/local/texlive/2015/texmf-dist/tex/latex/comment/comment.sty
\CommentStream=\write3

Excluding comment 'comment') Excluding comment 'CCSXML'
\footheight=\dimen119
\@maxsep=\dimen120
\@dblmaxsep=\dimen121
\aucount=\count100
\originalaucount=\count101
\auwidth=\dimen122
\auskip=\dimen123
\auskipcount=\count102
\auskip=\dimen124
\allauboxes=\dimen125
\addauthors=\toks22
\addauflag=\count103
\subtitletext=\toks23
\savesection=\count104
\sectioncntr=\count105
\c@figure=\count106
\c@table=\count107
\titleboxnotes=\toks24
\titleboxnoteflag=\count108

Document Class: sig-alternate 2013/05/12 v2.7 based on acmproc.cls V1.3 <Nov. 3
0 '99>
(/usr/local/texlive/2015/texmf-dist/tex/latex/base/latexsym.sty
Package: latexsym 1998/08/17 v2.2e Standard LaTeX package (lasy symbols)
\symlasy=\mathgroup6
LaTeX Font Info:    Overwriting symbol font `lasy' in version `bold'
(Font)                  U/lasy/m/n --> U/lasy/b/n on input line 52.
)
\@acmtitlebox=\box30
\titlenotecount=\count109
\tntoks=\toks25
\tntokstwo=\toks26
\tntoksthree=\toks27
\tntoksfour=\toks28
\tntoksfive=\toks29
\catcount=\count110
\copyrightnotice=\toks30
\conf=\toks31
\confinfo=\toks32
\c@part=\count111
\c@section=\count112
\c@subsection=\count113
\c@subsubsection=\count114
\c@paragraph=\count115

Using 'Abbrev' bibliography style
LaTeX Info: Redefining \cite on input line 1268.
\bibindent=\dimen126
\colcntr=\count116
\saveb@x=\box31
\copyrtyr=\toks33
\acmcopyr=\toks34
\boilerplate=\toks35
(/usr/local/texlive/2015/texmf-dist/tex/latex/url/url.sty
\Urlmuskip=\muskip11
Package: url 2013/09/16  ver 3.4  Verb mode for urls, etc.
) (./waccopyright.sty
Package: waccopyright 2014/06/29 v1.2 Copyright statemens for ACM classes

(/usr/local/texlive/2015/texmf-dist/tex/latex/xkeyval/xkeyval.sty
Package: xkeyval 2014/12/03 v2.7a package option processing (HA)

(/usr/local/texlive/2015/texmf-dist/tex/generic/xkeyval/xkeyval.tex
(/usr/local/texlive/2015/texmf-dist/tex/generic/xkeyval/xkvutils.tex
\XKV@toks=\toks36
\XKV@tempa@toks=\toks37
)
\XKV@depth=\count117
File: xkeyval.tex 2014/12/03 v2.7a key=value parser (HA)
)))
\copyrightetc=\toks38

(/usr/local/texlive/2015/texmf-dist/tex/latex/base/fontenc.sty
Package: fontenc 2005/09/27 v1.99g Standard LaTeX package

(/usr/local/texlive/2015/texmf-dist/tex/latex/base/t1enc.def
File: t1enc.def 2005/09/27 v1.99g Standard LaTeX file
LaTeX Font Info:    Redeclaring font encoding T1 on input line 48.
)
LaTeX Font Info:    Try loading font information for T1+aer on input line 105.

(/usr/local/texlive/2015/texmf-dist/tex/latex/ae/t1aer.fd
File: t1aer.fd 1997/11/16 Font definitions for T1/aer.
))
LaTeX Info: Redefining \ttfamily on input line 1563.
)
(./sig-alternate-sample.aux)
\openout1 = `sig-alternate-sample.aux'.

LaTeX Font Info:    Checking defaults for OML/cmm/m/it on input line 52.
LaTeX Font Info:    ... okay on input line 52.
LaTeX Font Info:    Checking defaults for T1/cmr/m/n on input line 52.
LaTeX Font Info:    ... okay on input line 52.
LaTeX Font Info:    Checking defaults for OT1/cmr/m/n on input line 52.
LaTeX Font Info:    ... okay on input line 52.
LaTeX Font Info:    Checking defaults for OMS/cmsy/m/n on input line 52.
LaTeX Font Info:    ... okay on input line 52.
LaTeX Font Info:    Checking defaults for OMX/cmex/m/n on input line 52.
LaTeX Font Info:    ... okay on input line 52.
LaTeX Font Info:    Checking defaults for U/cmr/m/n on input line 52.
LaTeX Font Info:    ... okay on input line 52.

(/usr/local/texlive/2015/texmf-dist/tex/context/base/supp-pdf.mkii
[Loading MPS to PDF converter (version 2006.09.02).]
\scratchcounter=\count118
\scratchdimen=\dimen127
\scratchbox=\box32
\nofMPsegments=\count119
\nofMParguments=\count120
\everyMPshowfont=\toks39
\MPscratchCnt=\count121
\MPscratchDim=\dimen128
\MPnumerator=\count122
\makeMPintoPDFobject=\count123
\everyMPtoPDFconversion=\toks40
) (/usr/local/texlive/2015/texmf-dist/tex/generic/oberdiek/pdftexcmds.sty
Package: pdftexcmds 2011/11/29 v0.20 Utility functions of pdfTeX for LuaTeX (HO
)

(/usr/local/texlive/2015/texmf-dist/tex/generic/oberdiek/ifluatex.sty
Package: ifluatex 2010/03/01 v1.3 Provides the ifluatex switch (HO)
Package ifluatex Info: LuaTeX not detected.
)
(/usr/local/texlive/2015/texmf-dist/tex/generic/oberdiek/ifpdf.sty
Package: ifpdf 2011/01/30 v2.3 Provides the ifpdf switch (HO)
Package ifpdf Info: pdfTeX in PDF mode is detected.
)
Package pdftexcmds Info: LuaTeX not detected.
Package pdftexcmds Info: \pdf@primitive is available.
Package pdftexcmds Info: \pdf@ifprimitive is available.
Package pdftexcmds Info: \pdfdraftmode found.
)
(/usr/local/texlive/2015/texmf-dist/tex/latex/oberdiek/epstopdf-base.sty
Package: epstopdf-base 2010/02/09 v2.5 Base part for package epstopdf

(/usr/local/texlive/2015/texmf-dist/tex/latex/oberdiek/grfext.sty
Package: grfext 2010/08/19 v1.1 Manage graphics extensions (HO)

(/usr/local/texlive/2015/texmf-dist/tex/generic/oberdiek/kvdefinekeys.sty
Package: kvdefinekeys 2011/04/07 v1.3 Define keys (HO)
))
(/usr/local/texlive/2015/texmf-dist/tex/latex/oberdiek/kvoptions.sty
Package: kvoptions 2011/06/30 v3.11 Key value format for package options (HO)

(/usr/local/texlive/2015/texmf-dist/tex/generic/oberdiek/kvsetkeys.sty
Package: kvsetkeys 2012/04/25 v1.16 Key value parser (HO)

(/usr/local/texlive/2015/texmf-dist/tex/generic/oberdiek/etexcmds.sty
Package: etexcmds 2011/02/16 v1.5 Avoid name clashes with e-TeX commands (HO)
Package etexcmds Info: Could not find \expanded.
(etexcmds)             That can mean that you are not using pdfTeX 1.50 or
(etexcmds)             that some package has redefined \expanded.
(etexcmds)             In the latter case, load this package earlier.
)))
Package grfext Info: Graphics extension search list:
(grfext)             [.png,.pdf,.jpg,.mps,.jpeg,.jbig2,.jb2,.PNG,.PDF,.JPG,.JPE
G,.JBIG2,.JB2,.eps]
(grfext)             \AppendGraphicsExtensions on input line 452.

(/usr/local/texlive/2015/texmf-dist/tex/latex/latexconfig/epstopdf-sys.cfg
File: epstopdf-sys.cfg 2010/07/13 v1.3 Configuration of (r)epstopdf for TeX Liv
e
))
\c@lstlisting=\count124
LaTeX Font Info:    Try loading font information for U+msa on input line 150.

(/usr/local/texlive/2015/texmf-dist/tex/latex/amsfonts/umsa.fd
File: umsa.fd 2013/01/14 v3.01 AMS symbols A
)
LaTeX Font Info:    Try loading font information for U+msb on input line 150.

(/usr/local/texlive/2015/texmf-dist/tex/latex/amsfonts/umsb.fd
File: umsb.fd 2013/01/14 v3.01 AMS symbols B
)
LaTeX Font Info:    Try loading font information for U+lasy on input line 150.

(/usr/local/texlive/2015/texmf-dist/tex/latex/base/ulasy.fd
File: ulasy.fd 1998/08/17 v2.2e LaTeX symbol font definitions
)

LaTeX Warning: No \author given.

LaTeX Font Info:    Try loading font information for T1+ptm on input line 150.
(/usr/local/texlive/2015/texmf-dist/tex/latex/psnfss/t1ptm.fd
File: t1ptm.fd 2001/06/04 font definitions for T1/ptm.
)

! LaTeX Error: File `CC' not found.

See the LaTeX manual or LaTeX Companion for explanation.
Type  H <return>  for immediate help.
 ...                                              
                                                  
l.150 \maketitle
                
? 
LaTeX Font Info:    Try loading font information for OMS+ptm on input line 150.

(/usr/local/texlive/2015/texmf-dist/tex/latex/psnfss/omsptm.fd
File: omsptm.fd 
)
LaTeX Font Info:    Font shape `OMS/ptm/m/n' in size <7> not available
(Font)              Font shape `OMS/cmsy/m/n' tried instead on input line 150.

Overfull \hbox (4.84947pt too wide) in paragraph at lines 153--154
\T1/aer/m/n/9 all ma-jor com-mer-cial and/or open source Dig-i-tal Au-dio Work-

 []


LaTeX Warning: Citation `flocking:icmc2014' on page \thepage  undefined on inpu
t line 213.


LaTeX Warning: Citation `tonejs:wac2015' on page \thepage  undefined on input l
ine 213.


LaTeX Warning: Citation `earsketch:wac2015' on page \thepage  undefined on inpu
t line 213.


Overfull \hbox (6.09148pt too wide) in paragraph at lines 213--214
[]\T1/aer/m/n/9 Time stretch-ing and pitch shift-ing are two op-er-a-tions wide
ly
 []


Overfull \hbox (6.87416pt too wide) in paragraph at lines 213--214
\T1/aer/m/n/9 only of-fer time stretch-ing through re-sampling of au-dio buffer
s,
 []


Overfull \hbox (17.28546pt too wide) in paragraph at lines 217--218
[]\T1/aer/m/n/9 For both im-ple-men-ta-tions, we had the fol-low-ing non-functi
onal
 []


LaTeX Warning: Citation `laroche:phasinessbusiness' on page \thepage  undefined
 on input line 224.


LaTeX Warning: Citation `verhelst:wsola93' on page \thepage  undefined on input
 line 228.


LaTeX Warning: Citation `modulationline:pitchshift' on page \thepage  undefined
 on input line 228.


LaTeX Warning: Citation `dolsontutorial:phasevocoder' on page \thepage  undefin
ed on input line 228.


LaTeX Warning: Citation `dafx:2nd' on page \thepage  undefined on input line 22
8.

[1{/usr/local/texlive/2015/texmf-var/fonts/map/pdftex/updmap/pdftex.map}


]

LaTeX Warning: Reference `fig:ola' on page \thepage  undefined on input line 24
4.

<ola.png, id=17, 781.92125pt x 465.74pt>
File: ola.png Graphic file (type png)
 <use ola.png>
Package pdftex.def Info: ola.png used on input line 254.
(pdftex.def)             Requested size: 252.94499pt x 150.66014pt.

Overfull \hbox (12.94499pt too wide) in paragraph at lines 254--255
[][] 
 []


LaTeX Warning: Citation `verhelst:wsola93' on page \thepage  undefined on input
 line 261.


LaTeX Warning: Citation `dspguide' on page \thepage  undefined on input line 26
1.


Overfull \hbox (6.6236pt too wide) in paragraph at lines 261--263
[]\T1/aer/m/n/9 First in-tro-duced in [\T1/aer/bx/n/9 ?\T1/aer/m/n/9 ], WSOLA a
p-plies a de-lay $\OML/cmm/m/it/9 ^^N \OMS/cmsy/m/n/9 2 \OT1/cmr/m/n/9 [\OMS/cm
sy/m/n/9 ^^@\OML/cmm/m/it/9 ^^N[] \OT1/cmr/m/n/9 :
 []


LaTeX Warning: Citation `dolsontutorial:phasevocoder' on page \thepage  undefin
ed on input line 266.


LaTeX Warning: Citation `laroche:phasinessbusiness' on page \thepage  undefined
 on input line 266.


LaTeX Warning: Citation `dafx:2nd' on page \thepage  undefined on input line 26
6.


LaTeX Warning: Citation `phasevocoder:pitchshift' on page \thepage  undefined o
n input line 266.


LaTeX Warning: Citation `phasevocoder:bernardini' on page \thepage  undefined o
n input line 266.


LaTeX Warning: Citation `phavorit' on page \thepage  undefined on input line 26
6.


LaTeX Warning: Citation `phasevocoder:latency' on page \thepage  undefined on i
nput line 266.


LaTeX Warning: Citation `dolsontutorial:phasevocoder' on page \thepage  undefin
ed on input line 266.


LaTeX Warning: Citation `phavorit' on page \thepage  undefined on input line 26
6.


LaTeX Warning: Citation `phasevocoder:pitchshift' on page \thepage  undefined o
n input line 266.


LaTeX Warning: Citation `dafx:2nd' on page \thepage  undefined on input line 26
6.


Overfull \hbox (4.70566pt too wide) in paragraph at lines 272--273
[]\T1/aer/m/n/9 Compute the phase dif-fer-ence be-tween the cur-rent phase
 []


LaTeX Warning: Citation `phasevocoder:identityphaselock' on page \thepage  unde
fined on input line 281.


LaTeX Warning: Citation `phasevocoder:identityphaselock' on page \thepage  unde
fined on input line 281.

[2 <./ola.png>]

LaTeX Warning: Citation `phasevocoder:pitchshift' on page \thepage  undefined o
n input line 283.


LaTeX Warning: Citation `audiotag' on page \thepage  undefined on input line 28
8.


LaTeX Warning: Citation `audiotag:playbackRate' on page \thepage  undefined on 
input line 288.


LaTeX Warning: Citation `phasevocoder:pitchshift' on page \thepage  undefined o
n input line 290.


LaTeX Warning: Citation `modulationline:pitchshift' on page \thepage  undefined
 on input line 290.


LaTeX Warning: Citation `dolsontutorial:phasevocoder' on page \thepage  undefin
ed on input line 291.


LaTeX Warning: Citation `phavorit' on page \thepage  undefined on input line 29
1.


Overfull \hbox (6.2752pt too wide) in paragraph at lines 293--294
[]\T1/aer/m/n/9 Soundtouch.js[] is a port of the C++ li-brary Sound-Touch[],
 []


Overfull \hbox (1.15904pt too wide) in paragraph at lines 293--294
\T1/aer/m/n/9 time stretch-ing and pitch shift-ing (through re-sampling) with
 []


LaTeX Warning: Citation `emscripten' on page \thepage  undefined on input line 
301.


LaTeX Warning: Citation `wavesaudio:wac2015' on page \thepage  undefined on inp
ut line 303.


Overfull \hbox (3.71327pt too wide) in paragraph at lines 303--304
\T1/aer/m/n/9 re-sampling, of-fer-ing two classes to per-form both tasks: Gran-

 []


Overfull \hbox (7.36978pt too wide) in paragraph at lines 315--316
[]\T1/aer/m/it/9 process(Array in-put-Frame, CBuffer out-put-Frame)\T1/aer/m/n/
9 : given
 []

[3]
Overfull \hbox (14.01pt too wide) in paragraph at lines 328--329
[]\T1/aer/m/it/9 istftCallback(Array real, Ar-ray imag, Ar-ray win-dowFrame,
 []


! LaTeX Error: File `demo' not found.

See the LaTeX manual or LaTeX Companion for explanation.
Type  H <return>  for immediate help.
 ...                                              
                                                  
l.345 	\includegraphics[width=3.5in]{demo}
                                          
? 

Overfull \hbox (10.30167pt too wide) in paragraph at lines 372--373
[]\T1/aer/m/n/9 Unlike Vexwarp, Pha-se-Vocoder.js al-lows real-time and block-
 []


Overfull \hbox (4.74997pt too wide) in paragraph at lines 378--378
[]\secfnt Issues with Web Au-dio API, re-gard-ing time
 []


LaTeX Warning: Citation `moorer1976the' on page \thepage  undefined on input li
ne 380.


LaTeX Warning: Citation `Tachibana:2014:HSS:2719949.2719982' on page \thepage  
undefined on input line 380.

[4]
Overfull \hbox (5.91962pt too wide) in paragraph at lines 386--387
\T1/aer/m/n/9 classes in or-der to pro-vide pitch shift-ing. For Pha-se-Vocoder
.js,
 []

(./sig-alternate-sample.bbl
Underfull \vbox (badness 10000) has occurred while \output is active []

 [5])
[6

] (./sig-alternate-sample.aux)

LaTeX Warning: There were undefined references.


LaTeX Warning: Label(s) may have changed. Rerun to get cross-references right.

 ) 
Here is how much of TeX's memory you used:
 4397 strings out of 493091
 59159 string characters out of 6134970
 141395 words of memory out of 5000000
 7759 multiletter control sequences out of 15000+600000
 51018 words of font info for 68 fonts, out of 8000000 for 9000
 1141 hyphenation exceptions out of 8191
 41i,10n,42p,1515b,334s stack positions out of 5000i,500n,10000p,200000b,80000s
{/usr/local/texlive/2015/texmf-dist/fonts/enc/dvips/base/8r.enc}</usr/local/t
exlive/2015/texmf-dist/fonts/type1/public/amsfonts/cm/cmbx9.pfb></usr/local/tex
live/2015/texmf-dist/fonts/type1/public/amsfonts/cm/cmmi6.pfb></usr/local/texli
ve/2015/texmf-dist/fonts/type1/public/amsfonts/cm/cmmi9.pfb></usr/local/texlive
/2015/texmf-dist/fonts/type1/public/amsfonts/cm/cmr6.pfb></usr/local/texlive/20
15/texmf-dist/fonts/type1/public/amsfonts/cm/cmr9.pfb></usr/local/texlive/2015/
texmf-dist/fonts/type1/public/amsfonts/cm/cmsy6.pfb></usr/local/texlive/2015/te
xmf-dist/fonts/type1/public/amsfonts/cm/cmsy7.pfb></usr/local/texlive/2015/texm
f-dist/fonts/type1/public/amsfonts/cm/cmsy9.pfb></usr/local/texlive/2015/texmf-
dist/fonts/type1/public/amsfonts/cm/cmti9.pfb></usr/local/texlive/2015/texmf-di
st/fonts/type1/urw/helvetic/uhvb8a.pfb></usr/local/texlive/2015/texmf-dist/font
s/type1/urw/times/utmb8a.pfb></usr/local/texlive/2015/texmf-dist/fonts/type1/ur
w/times/utmr8a.pfb></usr/local/texlive/2015/texmf-dist/fonts/type1/urw/times/ut
mri8a.pfb>
Output written on sig-alternate-sample.pdf (6 pages, 218241 bytes).
PDF statistics:
 79 PDF objects out of 1000 (max. 8388607)
 55 compressed objects within 1 object stream
 0 named destinations out of 1000 (max. 500000)
 6 words of extra memory for PDF output out of 10000 (max. 10000000)

